[debug] [2022-12-27T04:03:30.566Z] ----------------------------------------------------------------------
[debug] [2022-12-27T04:03:30.568Z] Command:       C:\Program Files\nodejs\node.exe C:\Users\Dell\AppData\Roaming\npm\node_modules\firebase-tools\lib\bin\firebase.js init
[debug] [2022-12-27T04:03:30.568Z] CLI Version:   11.19.0
[debug] [2022-12-27T04:03:30.568Z] Platform:      win32
[debug] [2022-12-27T04:03:30.568Z] Node Version:  v16.15.0
[debug] [2022-12-27T04:03:30.576Z] Time:          Tue Dec 27 2022 09:33:30 GMT+0530 (India Standard Time)
[debug] [2022-12-27T04:03:30.576Z] ----------------------------------------------------------------------
[debug] 
[debug] [2022-12-27T04:03:30.583Z] > command requires scopes: ["email","openid","https://www.googleapis.com/auth/cloudplatformprojects.readonly","https://www.googleapis.com/auth/firebase","https://www.googleapis.com/auth/cloud-platform"]
[debug] [2022-12-27T04:03:30.583Z] > authorizing via signed-in user (abhayt367@gmail.com)
[info] 
     ######## #### ########  ######## ########     ###     ######  ########
     ##        ##  ##     ## ##       ##     ##  ##   ##  ##       ##
     ######    ##  ########  ######   ########  #########  ######  ######
     ##        ##  ##    ##  ##       ##     ## ##     ##       ## ##
     ##       #### ##     ## ######## ########  ##     ##  ######  ########

You're about to initialize a Firebase project in this directory:

  C:\Users\Dell\OneDrive\Desktop\canteen

[info] 
=== Project Setup
[info] 
[info] First, let's associate this project directory with a Firebase project.
[info] You can create multiple project aliases by running firebase use --add, 
[info] but for now we'll just set up a default project.
[info] 
[debug] [2022-12-27T04:03:52.670Z] >>> [apiv2][query] GET https://firebase.googleapis.com/v1beta1/projects pageSize=100
[debug] [2022-12-27T04:03:53.660Z] <<< [apiv2][status] GET https://firebase.googleapis.com/v1beta1/projects 200
[debug] [2022-12-27T04:03:53.660Z] <<< [apiv2][body] GET https://firebase.googleapis.com/v1beta1/projects [omitted]
[info] i  Using project canteen-62bba (canteen) 
[info] 
=== Database Setup
[info] i  database: ensuring required API firebasedatabase.googleapis.com is enabled... 
[debug] [2022-12-27T04:03:56.534Z] >>> [apiv2][query] GET https://serviceusage.googleapis.com/v1/projects/canteen-62bba/services/firebasedatabase.googleapis.com [none]
[debug] [2022-12-27T04:03:56.534Z] >>> [apiv2][(partial)header] GET https://serviceusage.googleapis.com/v1/projects/canteen-62bba/services/firebasedatabase.googleapis.com x-goog-quota-user=projects/canteen-62bba
[debug] [2022-12-27T04:03:58.492Z] <<< [apiv2][status] GET https://serviceusage.googleapis.com/v1/projects/canteen-62bba/services/firebasedatabase.googleapis.com 200
[debug] [2022-12-27T04:03:58.492Z] <<< [apiv2][body] GET https://serviceusage.googleapis.com/v1/projects/canteen-62bba/services/firebasedatabase.googleapis.com [omitted]
[info] +  database: required API firebasedatabase.googleapis.com is enabled 
[info] 
[debug] [2022-12-27T04:03:58.495Z] >>> [apiv2][query] GET https://firebasedatabase.googleapis.com/v1beta/projects/canteen-62bba/locations/-/instances/canteen-62bba-default-rtdb [none]
[debug] [2022-12-27T04:03:59.399Z] <<< [apiv2][status] GET https://firebasedatabase.googleapis.com/v1beta/projects/canteen-62bba/locations/-/instances/canteen-62bba-default-rtdb 200
[debug] [2022-12-27T04:03:59.399Z] <<< [apiv2][body] GET https://firebasedatabase.googleapis.com/v1beta/projects/canteen-62bba/locations/-/instances/canteen-62bba-default-rtdb {"name":"projects/893781888945/locations/us-central1/instances/canteen-62bba-default-rtdb","project":"projects/893781888945","databaseUrl":"https://canteen-62bba-default-rtdb.firebaseio.com","type":"DEFAULT_DATABASE","state":"ACTIVE"}
[info] 
[info] Firebase Realtime Database Security Rules allow you to define how your data should be
[info] structured and when your data can be read from and written to.
[info] 
[debug] [2022-12-27T04:04:02.133Z] >>> [apiv2][query] GET https://canteen-62bba-default-rtdb.firebaseio.com/.settings/rules.json [none]
[debug] [2022-12-27T04:04:02.851Z] <<< [apiv2][status] GET https://canteen-62bba-default-rtdb.firebaseio.com/.settings/rules.json 200
[debug] [2022-12-27T04:04:02.851Z] <<< [apiv2][body] GET https://canteen-62bba-default-rtdb.firebaseio.com/.settings/rules.json [stream]
[info] +  Database Rules for canteen-62bba-default-rtdb have been written to database.rules.json. 
[info] Future modifications to database.rules.json will update Realtime Database Security Rules when you run
[info] firebase deploy.
[info] 
=== Firestore Setup
[debug] [2022-12-27T04:04:02.857Z] >>> [apiv2][query] GET https://serviceusage.googleapis.com/v1/projects/canteen-62bba/services/firestore.googleapis.com [none]
[debug] [2022-12-27T04:04:02.857Z] >>> [apiv2][(partial)header] GET https://serviceusage.googleapis.com/v1/projects/canteen-62bba/services/firestore.googleapis.com x-goog-quota-user=projects/canteen-62bba
[debug] [2022-12-27T04:04:04.853Z] <<< [apiv2][status] GET https://serviceusage.googleapis.com/v1/projects/canteen-62bba/services/firestore.googleapis.com 200
[debug] [2022-12-27T04:04:04.854Z] <<< [apiv2][body] GET https://serviceusage.googleapis.com/v1/projects/canteen-62bba/services/firestore.googleapis.com [omitted]
[debug] [2022-12-27T04:04:04.854Z] >>> [apiv2][query] GET https://appengine.googleapis.com/v1/apps/canteen-62bba [none]
[debug] [2022-12-27T04:04:05.721Z] <<< [apiv2][status] GET https://appengine.googleapis.com/v1/apps/canteen-62bba 200
[debug] [2022-12-27T04:04:05.721Z] <<< [apiv2][body] GET https://appengine.googleapis.com/v1/apps/canteen-62bba {"name":"apps/canteen-62bba","id":"canteen-62bba","authDomain":"gmail.com","locationId":"us-central","codeBucket":"staging.canteen-62bba.appspot.com","servingStatus":"SERVING","defaultHostname":"canteen-62bba.uc.r.appspot.com","defaultBucket":"canteen-62bba.appspot.com","serviceAccount":"canteen-62bba@appspot.gserviceaccount.com","gcrDomain":"us.gcr.io","databaseType":"CLOUD_FIRESTORE","featureSettings":{"splitHealthChecks":true,"useContainerOptimizedOs":true}}
[debug] [2022-12-27T04:04:05.721Z] database_type: CLOUD_FIRESTORE
[debug] [2022-12-27T04:04:05.721Z] > command requires scopes: ["email","openid","https://www.googleapis.com/auth/cloudplatformprojects.readonly","https://www.googleapis.com/auth/firebase","https://www.googleapis.com/auth/cloud-platform"]
[debug] [2022-12-27T04:04:05.721Z] > authorizing via signed-in user (abhayt367@gmail.com)
[debug] [2022-12-27T04:04:05.721Z] [iam] checking project canteen-62bba for permissions ["firebase.projects.get"]
[debug] [2022-12-27T04:04:05.721Z] >>> [apiv2][query] POST https://cloudresourcemanager.googleapis.com/v1/projects/canteen-62bba:testIamPermissions [none]
[debug] [2022-12-27T04:04:05.722Z] >>> [apiv2][(partial)header] POST https://cloudresourcemanager.googleapis.com/v1/projects/canteen-62bba:testIamPermissions x-goog-quota-user=projects/canteen-62bba
[debug] [2022-12-27T04:04:05.722Z] >>> [apiv2][body] POST https://cloudresourcemanager.googleapis.com/v1/projects/canteen-62bba:testIamPermissions {"permissions":["firebase.projects.get"]}
[debug] [2022-12-27T04:04:07.333Z] <<< [apiv2][status] POST https://cloudresourcemanager.googleapis.com/v1/projects/canteen-62bba:testIamPermissions 200
[debug] [2022-12-27T04:04:07.333Z] <<< [apiv2][body] POST https://cloudresourcemanager.googleapis.com/v1/projects/canteen-62bba:testIamPermissions {"permissions":["firebase.projects.get"]}
[info] 
[info] Firestore Security Rules allow you to define how and when to allow
[info] requests. You can keep these rules in your project directory
[info] and publish them with firebase deploy.
[info] 
[debug] [2022-12-27T04:04:10.127Z] >>> [apiv2][query] GET https://firebaserules.googleapis.com/v1/projects/canteen-62bba/releases pageSize=10&pageToken=
[debug] [2022-12-27T04:04:11.850Z] <<< [apiv2][status] GET https://firebaserules.googleapis.com/v1/projects/canteen-62bba/releases 200
[debug] [2022-12-27T04:04:11.850Z] <<< [apiv2][body] GET https://firebaserules.googleapis.com/v1/projects/canteen-62bba/releases {"releases":[{"name":"projects/canteen-62bba/releases/cloud.firestore","rulesetName":"projects/canteen-62bba/rulesets/e3b594e3-4d39-45c4-93a7-d799165fdd6a","createTime":"2022-12-27T03:56:57.994437Z","updateTime":"2022-12-27T03:56:57.994437Z"},{"name":"projects/canteen-62bba/releases/firebase.storage/canteen-62bba.appspot.com","rulesetName":"projects/canteen-62bba/rulesets/4c092569-38b7-466c-8b7a-d85b4bbe1970","createTime":"2022-12-27T03:58:12.344322Z","updateTime":"2022-12-27T03:58:12.344322Z"}]}
[debug] [2022-12-27T04:04:11.851Z] Found ruleset: projects/canteen-62bba/rulesets/e3b594e3-4d39-45c4-93a7-d799165fdd6a
[debug] [2022-12-27T04:04:11.851Z] >>> [apiv2][query] GET https://firebaserules.googleapis.com/v1/projects/canteen-62bba/rulesets/e3b594e3-4d39-45c4-93a7-d799165fdd6a [none]
[debug] [2022-12-27T04:04:13.397Z] <<< [apiv2][status] GET https://firebaserules.googleapis.com/v1/projects/canteen-62bba/rulesets/e3b594e3-4d39-45c4-93a7-d799165fdd6a 200
[debug] [2022-12-27T04:04:13.397Z] <<< [apiv2][body] GET https://firebaserules.googleapis.com/v1/projects/canteen-62bba/rulesets/e3b594e3-4d39-45c4-93a7-d799165fdd6a [omitted]
[info] 
[info] Firestore indexes allow you to perform complex queries while
[info] maintaining performance that scales with the size of the result
[info] set. You can keep index definitions in your project directory
[info] and publish them with firebase deploy.
[info] 
[debug] [2022-12-27T04:04:15.996Z] >>> [apiv2][query] GET https://firestore.googleapis.com/v1/projects/canteen-62bba/databases/(default)/collectionGroups/-/indexes [none]
[debug] [2022-12-27T04:04:15.998Z] >>> [apiv2][query] GET https://firestore.googleapis.com/v1/projects/canteen-62bba/databases/(default)/collectionGroups/-/fields?filter=indexConfig.usesAncestorConfig=false OR ttlConfig:* [none]
[debug] [2022-12-27T04:04:17.903Z] <<< [apiv2][status] GET https://firestore.googleapis.com/v1/projects/canteen-62bba/databases/(default)/collectionGroups/-/fields?filter=indexConfig.usesAncestorConfig=false OR ttlConfig:* 200
[debug] [2022-12-27T04:04:17.903Z] <<< [apiv2][body] GET https://firestore.googleapis.com/v1/projects/canteen-62bba/databases/(default)/collectionGroups/-/fields?filter=indexConfig.usesAncestorConfig=false OR ttlConfig:* {"fields":[{"name":"projects/canteen-62bba/databases/(default)/collectionGroups/__default__/fields/*","indexConfig":{"indexes":[{"queryScope":"COLLECTION","fields":[{"fieldPath":"*","order":"ASCENDING"}],"state":"READY"},{"queryScope":"COLLECTION","fields":[{"fieldPath":"*","order":"DESCENDING"}],"state":"READY"},{"queryScope":"COLLECTION","fields":[{"fieldPath":"*","arrayConfig":"CONTAINS"}],"state":"READY"}]}}]}
[debug] [2022-12-27T04:04:17.903Z] <<< [apiv2][status] GET https://firestore.googleapis.com/v1/projects/canteen-62bba/databases/(default)/collectionGroups/-/indexes 200
[debug] [2022-12-27T04:04:17.904Z] <<< [apiv2][body] GET https://firestore.googleapis.com/v1/projects/canteen-62bba/databases/(default)/collectionGroups/-/indexes {}
[info] 
=== Hosting Setup
[info] 
[info] Your public directory is the folder (relative to your project directory) that
[info] will contain Hosting assets to be uploaded with firebase deploy. If you
[info] have a build process for your assets, use your build's output directory.
[info] 
[debug] [2022-12-27T04:04:47.261Z] >>> [apiv2][query] GET https://www.gstatic.com/firebasejs/releases.json [none]
[debug] [2022-12-27T04:04:47.626Z] <<< [apiv2][status] GET https://www.gstatic.com/firebasejs/releases.json 200
[debug] [2022-12-27T04:04:47.626Z] <<< [apiv2][body] GET https://www.gstatic.com/firebasejs/releases.json {"current":{"version":"9.15.0","browserURL":"https://www.gstatic.com/firebasejs/9.15.0/firebase.js","packageURL":"https://www.gstatic.com/firebasejs/9.15.0/firebase.tgz"},"live":{"version":"9.15","browserURL":"https://www.gstatic.com/firebasejs/live/9.15/firebase.js","packageURL":"https://www.gstatic.com/firebasejs/live/9.15/firebase.tgz"},"components":{"analytics":"https://www.gstatic.com/firebasejs/9.15.0/firebase-analytics.js","app":"https://www.gstatic.com/firebasejs/9.15.0/firebase-app.js","app-check":"https://www.gstatic.com/firebasejs/9.15.0/firebase-app-check.js","auth":"https://www.gstatic.com/firebasejs/9.15.0/firebase-auth.js","auth/cordova":"https://www.gstatic.com/firebasejs/9.15.0/firebase-auth/cordova.js","auth/react-native":"https://www.gstatic.com/firebasejs/9.15.0/firebase-auth/react-native.js","functions":"https://www.gstatic.com/firebasejs/9.15.0/firebase-functions.js","firestore":"https://www.gstatic.com/firebasejs/9.15.0/firebase-firestore.js","firestore/lite":"https://www.gstatic.com/firebasejs/9.15.0/firebase-firestore/lite.js","installations":"https://www.gstatic.com/firebasejs/9.15.0/firebase-installations.js","storage":"https://www.gstatic.com/firebasejs/9.15.0/firebase-storage.js","performance":"https://www.gstatic.com/firebasejs/9.15.0/firebase-performance.js","remote-config":"https://www.gstatic.com/firebasejs/9.15.0/firebase-remote-config.js","messaging":"https://www.gstatic.com/firebasejs/9.15.0/firebase-messaging.js","messaging/sw":"https://www.gstatic.com/firebasejs/9.15.0/firebase-messaging/sw.js","database":"https://www.gstatic.com/firebasejs/9.15.0/firebase-database.js","firestore.memory":"https://www.gstatic.com/firebasejs/9.15.0/firebase-firestore.memory.js"}}
[info] +  Wrote public/index.html 
[info] 
[info] i  Detected a .git folder at C:\Users\Dell\OneDrive\Desktop\canteen 
[info] i  Authorizing with GitHub to upload your service account to a GitHub repository's secrets store. 
[info] 
[info] Visit this URL on this device to log in:
[info] https://github.com/login/oauth/authorize?client_id=89cf50f02ac6aaed3484&state=411815222&redirect_uri=http%3A%2F%2Flocalhost%3A9005&scope=read%3Auser%20repo%20public_repo
[info] 
[info] Waiting for authentication...
[debug] [2022-12-27T04:05:06.006Z] >>> [apiv2][query] POST https://github.com/login/oauth/access_token [none]
[debug] [2022-12-27T04:05:06.007Z] >>> [apiv2][body] POST https://github.com/login/oauth/access_token [stream]
[debug] [2022-12-27T04:05:06.431Z] <<< [apiv2][status] POST https://github.com/login/oauth/access_token 200
[debug] [2022-12-27T04:05:06.431Z] <<< [apiv2][body] POST https://github.com/login/oauth/access_token {"access_token":"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","token_type":"bearer","scope":"read:user,repo"}
[debug] [2022-12-27T04:05:06.438Z] >>> [apiv2][query] GET https://api.github.com/user [none]
[debug] [2022-12-27T04:05:06.947Z] <<< [apiv2][status] GET https://api.github.com/user 200
[debug] [2022-12-27T04:05:06.947Z] <<< [apiv2][body] GET https://api.github.com/user {"login":"iamabhaytiwari343","id":108920327,"node_id":"U_kgDOBn3-Bw","avatar_url":"https://avatars.githubusercontent.com/u/108920327?v=4","gravatar_id":"","url":"https://api.github.com/users/iamabhaytiwari343","html_url":"https://github.com/iamabhaytiwari343","followers_url":"https://api.github.com/users/iamabhaytiwari343/followers","following_url":"https://api.github.com/users/iamabhaytiwari343/following{/other_user}","gists_url":"https://api.github.com/users/iamabhaytiwari343/gists{/gist_id}","starred_url":"https://api.github.com/users/iamabhaytiwari343/starred{/owner}{/repo}","subscriptions_url":"https://api.github.com/users/iamabhaytiwari343/subscriptions","organizations_url":"https://api.github.com/users/iamabhaytiwari343/orgs","repos_url":"https://api.github.com/users/iamabhaytiwari343/repos","events_url":"https://api.github.com/users/iamabhaytiwari343/events{/privacy}","received_events_url":"https://api.github.com/users/iamabhaytiwari343/received_events","type":"User","site_admin":false,"name":"Abhay Tiwari","company":null,"blog":"","location":"Lucknow","email":"iamabhaytiwari343@gmail.com","hireable":null,"bio":"I am interested in development, and problem solving through programming, Java Language","twitter_username":null,"public_repos":6,"public_gists":0,"followers":0,"following":0,"created_at":"2022-07-08T06:31:25Z","updated_at":"2022-12-09T14:06:22Z","private_gists":0,"total_private_repos":4,"owned_private_repos":4,"disk_usage":40540,"collaborators":0,"two_factor_authentication":false,"plan":{"name":"free","space":976562499,"collaborators":0,"private_repos":10000}}
[info] 
[info] +  Success! Logged into GitHub as iamabhaytiwari343 
[info] 
